algomon/android/build/intermediates/manifest_merge_blame_file/release/processReleaseMainManifest/manifest-merger-blame-release-report.txt
1<?xml version="1.0" encoding="utf-8"?>
2<manifest xmlns:android="http://schemas.android.com/apk/res/android"
3    package="com.algomon.game"
4    android:versionCode="1"
5    android:versionName="1.0" >
6
7    <uses-sdk
8        android:minSdkVersion="19"
9        android:targetSdkVersion="34" />
10
11    <uses-feature
11-->Algomon/android/AndroidManifest.xml:5:5-78
12        android:glEsVersion="0x00020000"
12-->Algomon/android/AndroidManifest.xml:5:19-51
13        android:required="true" />
13-->Algomon/android/AndroidManifest.xml:5:52-75
14
15    <application
15-->Algomon/android/AndroidManifest.xml:7:5-27:19
16        android:allowBackup="true"
16-->Algomon/android/AndroidManifest.xml:8:9-35
17        android:appCategory="game"
17-->Algomon/android/AndroidManifest.xml:12:9-35
18        android:extractNativeLibs="true"
19        android:fullBackupContent="true"
19-->Algomon/android/AndroidManifest.xml:9:9-41
20        android:icon="@drawable/ic_launcher"
20-->Algomon/android/AndroidManifest.xml:10:9-45
21        android:isGame="true"
21-->Algomon/android/AndroidManifest.xml:11:9-30
22        android:label="@string/app_name"
22-->Algomon/android/AndroidManifest.xml:13:9-41
23        android:theme="@style/AppTheme" >
23-->Algomon/android/AndroidManifest.xml:14:9-40
24        <activity
24-->Algomon/android/AndroidManifest.xml:16:9-26:20
25            android:name="com.algomon.game.AndroidLauncher"
25-->Algomon/android/AndroidManifest.xml:17:13-60
26            android:configChanges="keyboard|keyboardHidden|navigation|orientation|screenSize|screenLayout"
26-->Algomon/android/AndroidManifest.xml:20:13-107
27            android:exported="true"
27-->Algomon/android/AndroidManifest.xml:21:13-36
28            android:label="@string/app_name"
28-->Algomon/android/AndroidManifest.xml:18:13-45
29            android:screenOrientation="landscape" >
29-->Algomon/android/AndroidManifest.xml:19:13-50
30            <intent-filter>
30-->Algomon/android/AndroidManifest.xml:22:13-25:29
31                <action android:name="android.intent.action.MAIN" />
31-->Algomon/android/AndroidManifest.xml:23:17-69
31-->Algomon/android/AndroidManifest.xml:23:25-66
32
33                <category android:name="android.intent.category.LAUNCHER" />
33-->Algomon/android/AndroidManifest.xml:24:17-77
33-->Algomon/android/AndroidManifest.xml:24:27-74
34            </intent-filter>
35        </activity>
36    </application>
37
38</manifest>